TN:
SF:/Users/jordanegstad/Sites/@construct/detect-preferredTheme/index.js
FN:3,(anonymous_0)
FN:8,(anonymous_1)
FN:12,(anonymous_2)
FNF:3
FNH:3
FNDA:3,(anonymous_0)
FNDA:1,(anonymous_1)
FNDA:3,(anonymous_2)
DA:1,1
DA:3,1
DA:4,3
DA:5,3
DA:8,1
DA:9,1
DA:12,1
DA:13,3
DA:14,3
DA:19,3
LF:10
LH:10
BRDA:13,0,0,3
BRDA:13,0,1,0
BRF:2
BRH:1
end_of_record
TN:
SF:/Users/jordanegstad/Sites/@construct/detect-preferredTheme/matchMedia.mock
FN:3,(anonymous_0)
FNF:1
FNH:1
FNDA:4,(anonymous_0)
DA:1,1
DA:3,4
LF:2
LH:2
BRF:0
BRH:0
end_of_record
